#-----------------------------------------------------------
# Vivado v2015.4 (64-bit)
# SW Build 1412921 on Wed Nov 18 09:43:45 MST 2015
# IP Build 1412160 on Tue Nov 17 13:47:24 MST 2015
# Start of session at: Wed Dec 11 14:13:37 2019
# Process ID: 14588
# Current directory: E:/AOften/Computer Organization and Design/lab/vivado5/SingleCPU
# Command line: vivado.exe -gui_launcher_event rodinguilauncherevent3420 E:\AOften\Computer Organization and Design\lab\vivado5\SingleCPU\SingleCPU.xpr
# Log file: E:/AOften/Computer Organization and Design/lab/vivado5/SingleCPU/vivado.log
# Journal file: E:/AOften/Computer Organization and Design/lab/vivado5/SingleCPU\vivado.jou
#-----------------------------------------------------------
start_gui
open_project {E:/AOften/Computer Organization and Design/lab/vivado5/SingleCPU/SingleCPU.xpr}
Scanning sources...
Finished scanning sources
INFO: [IP_Flow 19-234] Refreshing IP repositories
INFO: [IP_Flow 19-1704] No user IP repositories specified
INFO: [IP_Flow 19-2313] Loaded Vivado IP repository 'E:/xilinx/Vivado/2015.4/data/ip'.
open_project: Time (s): cpu = 00:00:10 ; elapsed = 00:00:39 . Memory (MB): peak = 761.652 ; gain = 140.758
launch_simulation
INFO: [USF-XSim-27] Simulation object is 'sim_1'
INFO: [USF-XSim-37] Inspecting design source files for 'topsim' in fileset 'sim_1'...
INFO: [USF-XSim-25] Exported 'E:/AOften/Computer Organization and Design/lab/vivado5/SingleCPU/SingleCPU.sim/sim_1/behav/irom.mif'
INFO: [USF-XSim-25] Exported 'E:/AOften/Computer Organization and Design/lab/vivado5/SingleCPU/SingleCPU.sim/sim_1/behav/1.coe'
INFO: [USF-XSim-97] Finding global include files...
INFO: [USF-XSim-98] Fetching design files from 'sim_1'...
INFO: [USF-XSim-2] XSim::Compile design
INFO: [USF-XSim-61] Executing 'COMPILE' step in 'E:/AOften/Computer Organization and Design/lab/vivado5/SingleCPU/SingleCPU.sim/sim_1/behav'
"xvlog -m64 --relax -prj topsim_vlog.prj"
INFO: [VRFC 10-2263] Analyzing Verilog file "E:/AOften/Computer Organization and Design/lab/vivado5/SingleCPU/SingleCPU.srcs/sources_1/new/smg_ip_model.v" into library xil_defaultlib
INFO: [VRFC 10-311] analyzing module smg_ip_model
INFO: [VRFC 10-2263] Analyzing Verilog file "E:/AOften/Computer Organization and Design/lab/vivado5/SingleCPU/SingleCPU.srcs/sources_1/new/signext.v" into library xil_defaultlib
INFO: [VRFC 10-311] analyzing module signext
INFO: [VRFC 10-2263] Analyzing Verilog file "E:/AOften/Computer Organization and Design/lab/vivado5/SingleCPU/SingleCPU.srcs/sources_1/new/regFile.v" into library xil_defaultlib
INFO: [VRFC 10-311] analyzing module regFile
INFO: [VRFC 10-2263] Analyzing Verilog file "E:/AOften/Computer Organization and Design/lab/vivado5/SingleCPU/SingleCPU.srcs/sources_1/new/mux2.v" into library xil_defaultlib
INFO: [VRFC 10-311] analyzing module mux
INFO: [VRFC 10-2263] Analyzing Verilog file "E:/AOften/Computer Organization and Design/lab/vivado5/SingleCPU/SingleCPU.srcs/sources_1/new/dram.v" into library xil_defaultlib
INFO: [VRFC 10-311] analyzing module dram
INFO: [VRFC 10-2263] Analyzing Verilog file "E:/AOften/Computer Organization and Design/lab/vivado5/SingleCPU/SingleCPU.srcs/sources_1/new/ctr.v" into library xil_defaultlib
INFO: [VRFC 10-311] analyzing module ctr
INFO: [VRFC 10-2263] Analyzing Verilog file "E:/AOften/Computer Organization and Design/lab/vivado5/SingleCPU/SingleCPU.srcs/sources_1/new/choose4.v" into library xil_defaultlib
INFO: [VRFC 10-311] analyzing module choose
INFO: [VRFC 10-2263] Analyzing Verilog file "E:/AOften/Computer Organization and Design/lab/vivado5/SingleCPU/SingleCPU.srcs/sources_1/new/aluctr.v" into library xil_defaultlib
INFO: [VRFC 10-311] analyzing module aluctr
INFO: [VRFC 10-2263] Analyzing Verilog file "E:/AOften/Computer Organization and Design/lab/vivado5/SingleCPU/SingleCPU.srcs/sources_1/new/alu.v" into library xil_defaultlib
INFO: [VRFC 10-311] analyzing module alu
INFO: [VRFC 10-2263] Analyzing Verilog file "E:/AOften/Computer Organization and Design/lab/vivado5/SingleCPU/SingleCPU.srcs/sources_1/new/top.v" into library xil_defaultlib
INFO: [VRFC 10-311] analyzing module top
INFO: [VRFC 10-2263] Analyzing Verilog file "E:/AOften/Computer Organization and Design/lab/vivado5/SingleCPU/SingleCPU.srcs/sim_1/new/topsim.v" into library xil_defaultlib
INFO: [VRFC 10-311] analyzing module topsim
INFO: [VRFC 10-2263] Analyzing Verilog file "E:/AOften/Computer Organization and Design/lab/vivado5/SingleCPU/SingleCPU.sim/sim_1/behav/glbl.v" into library xil_defaultlib
INFO: [VRFC 10-311] analyzing module glbl
"xvhdl -m64 --relax -prj topsim_vhdl.prj"
INFO: [VRFC 10-163] Analyzing VHDL file "E:/AOften/Computer Organization and Design/lab/vivado5/SingleCPU/SingleCPU.ip_user_files/ipstatic/blk_mem_gen_v8_3_1/simulation/blk_mem_gen_v8_3.vhd" into library blk_mem_gen_v8_3_1
INFO: [VRFC 10-307] analyzing entity blk_mem_axi_regs_fwd_v8_3
INFO: [VRFC 10-307] analyzing entity blk_mem_axi_write_wrapper_beh
INFO: [VRFC 10-307] analyzing entity write_netlist
INFO: [VRFC 10-307] analyzing entity blk_mem_axi_read_wrapper_beh
INFO: [VRFC 10-307] analyzing entity read_netlist
INFO: [VRFC 10-307] analyzing entity blk_mem_gen_v8_3_1_output_stage
INFO: [VRFC 10-307] analyzing entity blk_mem_gen_v8_3_1_softecc_output_reg_stage
INFO: [VRFC 10-307] analyzing entity blk_mem_gen_v8_3_1_mem_module
INFO: [VRFC 10-307] analyzing entity blk_mem_gen_v8_3_1
INFO: [VRFC 10-307] analyzing entity beh_ff_clr
INFO: [VRFC 10-307] analyzing entity beh_ff_ce
INFO: [VRFC 10-307] analyzing entity beh_ff_pre
INFO: [VRFC 10-307] analyzing entity beh_muxf7
INFO: [VRFC 10-307] analyzing entity STATE_LOGIC
INFO: [VRFC 10-163] Analyzing VHDL file "E:/AOften/Computer Organization and Design/lab/vivado5/SingleCPU/SingleCPU.srcs/sources_1/ip/irom/sim/irom.vhd" into library xil_defaultlib
INFO: [VRFC 10-307] analyzing entity irom
INFO: [USF-XSim-3] XSim::Elaborate design
INFO: [USF-XSim-61] Executing 'ELABORATE' step in 'E:/AOften/Computer Organization and Design/lab/vivado5/SingleCPU/SingleCPU.sim/sim_1/behav'
Vivado Simulator 2015.4
Copyright 1986-1999, 2001-2015 Xilinx, Inc. All Rights Reserved.
Running: E:/xilinx/Vivado/2015.4/bin/unwrapped/win64.o/xelab.exe -wto 0b4e5a4dc0f84940b7152eb2ab798bee --debug typical --relax --mt 2 -L blk_mem_gen_v8_3_1 -L xil_defaultlib -L unisims_ver -L unimacro_ver -L secureip --snapshot topsim_behav xil_defaultlib.topsim xil_defaultlib.glbl -log elaborate.log 
Using 2 slave threads.
Starting static elaboration
WARNING: [VRFC 10-278] actual bit length 7 differs from formal bit length 8 for port sm_duan [E:/AOften/Computer Organization and Design/lab/vivado5/SingleCPU/SingleCPU.srcs/sources_1/new/top.v:209]
Completed static elaboration
Starting simulation data flow analysis
Completed simulation data flow analysis
Time Resolution for simulation is 1ps
Compiling package std.standard
Compiling package ieee.std_logic_1164
Compiling package ieee.numeric_std
Compiling package std.textio
Compiling package ieee.std_logic_arith
Compiling package ieee.std_logic_unsigned
Compiling package synopsys.attributes
Compiling package ieee.std_logic_misc
Compiling package ieee.std_logic_textio
Compiling module xil_defaultlib.ctr
Compiling module xil_defaultlib.alu
Compiling module xil_defaultlib.aluctr
Compiling module xil_defaultlib.dram
Compiling architecture output_stage_behavioral of entity blk_mem_gen_v8_3_1.blk_mem_gen_v8_3_1_output_stage [\blk_mem_gen_v8_3_1_output_stage...]
Compiling architecture softecc_output_reg_stage_behavioral of entity blk_mem_gen_v8_3_1.blk_mem_gen_v8_3_1_softecc_output_reg_stage [\blk_mem_gen_v8_3_1_softecc_outp...]
Compiling architecture mem_module_behavioral of entity blk_mem_gen_v8_3_1.blk_mem_gen_v8_3_1_mem_module [\blk_mem_gen_v8_3_1_mem_module("...]
Compiling architecture behavioral of entity blk_mem_gen_v8_3_1.blk_mem_gen_v8_3_1 [\blk_mem_gen_v8_3_1("blk_mem_gen...]
Compiling architecture irom_arch of entity xil_defaultlib.irom [irom_default]
Compiling module xil_defaultlib.regFile
Compiling module xil_defaultlib.mux
Compiling module xil_defaultlib.choose
Compiling module xil_defaultlib.signext
Compiling module xil_defaultlib.smg_ip_model
Compiling module xil_defaultlib.top
Compiling module xil_defaultlib.topsim
Compiling module xil_defaultlib.glbl
Built simulation snapshot topsim_behav

****** Webtalk v2015.4 (64-bit)
  **** SW Build 1412921 on Wed Nov 18 09:43:45 MST 2015
  **** IP Build 1412160 on Tue Nov 17 13:47:24 MST 2015
    ** Copyright 1986-2015 Xilinx, Inc. All Rights Reserved.

source E:/AOften/Computer -notrace
couldn't read file "E:/AOften/Computer": permission denied
INFO: [Common 17-206] Exiting Webtalk at Wed Dec 11 14:17:17 2019...
run_program: Time (s): cpu = 00:00:00 ; elapsed = 00:00:09 . Memory (MB): peak = 814.043 ; gain = 0.000
INFO: [USF-XSim-4] XSim::Simulate design
INFO: [USF-XSim-61] Executing 'SIMULATE' step in 'E:/AOften/Computer Organization and Design/lab/vivado5/SingleCPU/SingleCPU.sim/sim_1/behav'
INFO: [USF-XSim-98] *** Running xsim
   with args "topsim_behav -key {Behavioral:sim_1:Functional:topsim} -tclbatch {topsim.tcl} -log {simulate.log}"
INFO: [USF-XSim-8] Loading simulator feature
Vivado Simulator 2015.4
Time resolution is 1 ps
source topsim.tcl
# set curr_wave [current_wave_config]
# if { [string length $curr_wave] == 0 } {
#   if { [llength [get_objects]] > 0} {
#     add_wave /
#     set_property needs_save false [current_wave_config]
#   } else {
#      send_msg_id Add_Wave-1 WARNING "No top level signals found. Simulator will start without a wave window. If you want to open a wave window go to 'File->New Waveform Configuration' or type 'create_wave_config' in the TCL console."
#   }
# }
# run 1000ns
INFO: [USF-XSim-96] XSim completed. Design snapshot 'topsim_behav' loaded.
INFO: [USF-XSim-97] XSim simulation ran for 1000ns
launch_simulation: Time (s): cpu = 00:00:03 ; elapsed = 00:00:19 . Memory (MB): peak = 814.043 ; gain = 0.000
close_sim
INFO: [Simtcl 6-16] Simulation closed
exit
INFO: [Common 17-206] Exiting Vivado at Wed Dec 11 14:36:54 2019...
