#-----------------------------------------------------------
# Vivado v2015.4 (64-bit)
# SW Build 1412921 on Wed Nov 18 09:43:45 MST 2015
# IP Build 1412160 on Tue Nov 17 13:47:24 MST 2015
# Start of session at: Wed Dec 11 12:47:08 2019
# Process ID: 15648
# Current directory: E:/AOften/Computer Organization and Design/lab/vivado5/SingleCPU
# Command line: vivado.exe -gui_launcher_event rodinguilauncherevent15504 E:\AOften\Computer Organization and Design\lab\vivado5\SingleCPU\SingleCPU.xpr
# Log file: E:/AOften/Computer Organization and Design/lab/vivado5/SingleCPU/vivado.log
# Journal file: E:/AOften/Computer Organization and Design/lab/vivado5/SingleCPU\vivado.jou
#-----------------------------------------------------------
start_gui
open_project {E:/AOften/Computer Organization and Design/lab/vivado5/SingleCPU/SingleCPU.xpr}
Scanning sources...
Finished scanning sources
INFO: [IP_Flow 19-234] Refreshing IP repositories
INFO: [IP_Flow 19-1704] No user IP repositories specified
INFO: [IP_Flow 19-2313] Loaded Vivado IP repository 'E:/xilinx/Vivado/2015.4/data/ip'.
open_project: Time (s): cpu = 00:00:14 ; elapsed = 00:00:22 . Memory (MB): peak = 778.996 ; gain = 172.844
exit
INFO: [Common 17-206] Exiting Vivado at Wed Dec 11 12:48:36 2019...
