#-----------------------------------------------------------
# Vivado v2015.4 (64-bit)
# SW Build 1412921 on Wed Nov 18 09:43:45 MST 2015
# IP Build 1412160 on Tue Nov 17 13:47:24 MST 2015
# Start of session at: Mon Nov 04 13:44:38 2019
# Process ID: 7520
# Current directory: E:/AOften/Computer Organization and Design/lab/vivado1/addsub
# Command line: vivado.exe -gui_launcher_event rodinguilauncherevent5228 E:\AOften\Computer Organization and Design\lab\vivado1\addsub\addsub.xpr
# Log file: E:/AOften/Computer Organization and Design/lab/vivado1/addsub/vivado.log
# Journal file: E:/AOften/Computer Organization and Design/lab/vivado1/addsub\vivado.jou
#-----------------------------------------------------------
start_gui
open_project {E:/AOften/Computer Organization and Design/lab/vivado1/addsub/addsub.xpr}
Scanning sources...
Finished scanning sources
INFO: [IP_Flow 19-234] Refreshing IP repositories
INFO: [IP_Flow 19-1704] No user IP repositories specified
INFO: [IP_Flow 19-2313] Loaded Vivado IP repository 'E:/xilinx/Vivado/2015.4/data/ip'.
open_project: Time (s): cpu = 00:00:11 ; elapsed = 00:00:17 . Memory (MB): peak = 776.438 ; gain = 121.676
exit
INFO: [Common 17-206] Exiting Vivado at Mon Nov 04 13:49:48 2019...
