#-----------------------------------------------------------
# Vivado v2015.4 (64-bit)
# SW Build 1412921 on Wed Nov 18 09:43:45 MST 2015
# IP Build 1412160 on Tue Nov 17 13:47:24 MST 2015
# Start of session at: Mon Nov 25 19:16:23 2019
# Process ID: 16052
# Current directory: E:/AOften/Computer Organization and Design/lab/vivado4/Control
# Command line: vivado.exe -gui_launcher_event rodinguilauncherevent15720 E:\AOften\Computer Organization and Design\lab\vivado4\Control\Control.xpr
# Log file: E:/AOften/Computer Organization and Design/lab/vivado4/Control/vivado.log
# Journal file: E:/AOften/Computer Organization and Design/lab/vivado4/Control\vivado.jou
#-----------------------------------------------------------
start_gui
open_project {E:/AOften/Computer Organization and Design/lab/vivado4/Control/Control.xpr}
Scanning sources...
Finished scanning sources
INFO: [IP_Flow 19-234] Refreshing IP repositories
INFO: [IP_Flow 19-1704] No user IP repositories specified
INFO: [IP_Flow 19-2313] Loaded Vivado IP repository 'E:/xilinx/Vivado/2015.4/data/ip'.
open_project: Time (s): cpu = 00:00:13 ; elapsed = 00:00:22 . Memory (MB): peak = 802.570 ; gain = 148.996
exit
INFO: [Common 17-206] Exiting Vivado at Mon Nov 25 22:16:57 2019...
